<?xml version="1.0" encoding="UTF-8"?>
<!-- Generated by org.testng.reporters.JUnitReportReporter -->
<testsuite hostname="DESKTOP-OUDLR6T" failures="0" tests="1" name="Log4jBasics.Log4jBasics1" time="0.212" errors="0" timestamp="2024-04-02T10:36:03 IST" skipped="0">
  <testcase classname="Log4jBasics.Log4jBasics1" name="LoginTC1" time="0.212">
    <system-out>
      <![CDATA[1.Open chrome browser
2.Enter user name]]>
    </system-out>
  </testcase> <!-- LoginTC1 -->
  <system-out>
    <![CDATA[1.Open chrome browser
2.Enter user name]]>
  </system-out>
</testsuite> <!-- Log4jBasics.Log4jBasics1 -->
