<?xml version="1.0" encoding="UTF-8"?>
<!-- Generated by org.testng.reporters.JUnitReportReporter -->
<testsuite hostname="DESKTOP-OUDLR6T" failures="0" tests="1" name="samplemaven.MobileTest" time="0.002" errors="0" timestamp="2024-03-20T16:03:05 IST" skipped="0">
  <testcase classname="samplemaven.MobileTest" name="testA" time="0.002"/>
</testsuite> <!-- samplemaven.MobileTest -->
