<?xml version="1.0" encoding="UTF-8"?>
<!-- Generated by org.testng.reporters.JUnitReportReporter -->
<testsuite hostname="DESKTOP-OUDLR6T" failures="0" tests="1" name="ExtentReportsBasics.Extentreports1" time="0.461" errors="0" timestamp="2024-03-26T22:06:02 IST" skipped="0">
  <testcase classname="ExtentReportsBasics.Extentreports1" name="testA" time="0.461"/>
</testsuite> <!-- ExtentReportsBasics.Extentreports1 -->
