<?xml version="1.0" encoding="UTF-8"?>
<!-- Generated by org.testng.reporters.JUnitReportReporter -->
<testsuite hostname="DESKTOP-OUDLR6T" failures="0" tests="1" name="samplemaven.AndroidTest" time="0.009" errors="0" timestamp="2024-03-20T15:54:50 IST" skipped="0">
  <testcase classname="samplemaven.AndroidTest" name="testB" time="0.009"/>
</testsuite> <!-- samplemaven.AndroidTest -->
